This file contains any messages produced by compilers while
running configure, to aid debugging if configure makes a mistake.

It was created by configure, which was
generated by GNU Autoconf 2.65.  Invocation command line was

  $ ./configure --prefix=/usr

## --------- ##
## Platform. ##
## --------- ##

hostname = 
uname -m = i386
uname -r = 1
uname -s = OS/2
uname -v = 2.45

/usr/bin/uname -p = i386
/bin/uname -X     = unknown

/bin/arch              = unknown
/usr/bin/arch -k       = unknown
/usr/convex/getsysinfo = unknown
/usr/bin/hostinfo      = unknown
/bin/machine           = unknown
/usr/bin/oslevel       = unknown
/bin/universe          = unknown

PATH: f:\lang\gcc\usr\i386-pc-os2-emx\bin
PATH: f:\lang\gcc\usr\bin
PATH: E:\MPTN\BIN
PATH: E:\IBMCOM
PATH: f:\usr\bin
PATH: f:\usr\sbin
PATH: f:\lang\os2tk45\som\common
PATH: f:\lang\os2tk45\som\bin
PATH: f:\lang\os2tk45\bin
PATH: E:\IBMGSK40\BIN
PATH: E:\IBMGSK\BIN
PATH: f:\NETSCAPE\PROGRAM
PATH: E:\IBMLAN\NETPROG
PATH: E:\MUGLIB
PATH: E:\OS2
PATH: E:\opendoc\BIN
PATH: E:\OS2\SYSTEM
PATH: E:\OS2\MDOS\WINHOS2
PATH: E:\OS2\INSTALL
PATH: E:\
PATH: E:\OS2\MDOS
PATH: E:\OS2\APPS
PATH: E:\JAVA11\BIN
PATH: E:\javaos2\bin
PATH: E:\MMOS2
PATH: E:\NSC
PATH: e:\tcpip\bin
PATH: e:\tcpip\pcomos2
PATH: E:\TCPIP\UMAIL
PATH: f:\lang\emx\bin
PATH: f:\apps
PATH: E:\IBM386FS
PATH: f:\lang\IBMCPP\BIN
PATH: f:\lang\IBMCPP\HELP
PATH: f:\lang\IBMCPP\SMARTS\SCRIPTS
PATH: F:\APPS\WARPIN
PATH: f:\lang\Perl\bin
PATH: g:\apps\VYPER


## ----------- ##
## Core tests. ##
## ----------- ##

configure:1576: WARNING: ac_executable_extensions not set, assuming .exe
configure:1668: checking whether make sets $(MAKE)
configure:1690: result: yes
configure:1867: creating ./config.status

## ---------------------- ##
## Running config.status. ##
## ---------------------- ##

This file was extended by config.status, which was
generated by GNU Autoconf 2.65.  Invocation command line was

  CONFIG_FILES    = 
  CONFIG_HEADERS  = 
  CONFIG_LINKS    = 
  CONFIG_COMMANDS = 
  $ ./config.status 

on 

config.status:716: creating Makefile
configure:2932: === configuring in lib (/lang/work/gperf/gperf-3.0.4/lib)
configure:2995: running /bin/sh ./configure --disable-option-checking '--prefix=/usr'  --cache-file=/dev/null --srcdir=.
configure:2932: === configuring in src (/lang/work/gperf/gperf-3.0.4/src)
configure:2995: running /bin/sh ./configure --disable-option-checking '--prefix=/usr'  --cache-file=/dev/null --srcdir=.
configure:2932: === configuring in tests (/lang/work/gperf/gperf-3.0.4/tests)
configure:2995: running /bin/sh ./configure --disable-option-checking '--prefix=/usr'  --cache-file=/dev/null --srcdir=.
configure:2932: === configuring in doc (/lang/work/gperf/gperf-3.0.4/doc)
configure:2995: running /bin/sh ./configure --disable-option-checking '--prefix=/usr'  --cache-file=/dev/null --srcdir=.

## ---------------- ##
## Cache variables. ##
## ---------------- ##

ac_cv_env_build_alias_set=
ac_cv_env_build_alias_value=
ac_cv_env_host_alias_set=
ac_cv_env_host_alias_value=
ac_cv_env_target_alias_set=
ac_cv_env_target_alias_value=
ac_cv_prog_make_make_set=yes

## ----------------- ##
## Output variables. ##
## ----------------- ##

DEFS='-DPACKAGE_NAME=\"\" -DPACKAGE_TARNAME=\"\" -DPACKAGE_VERSION=\"\" -DPACKAGE_STRING=\"\" -DPACKAGE_BUGREPORT=\"\" -DPACKAGE_URL=\"\"'
ECHO_C=''
ECHO_N='-n'
ECHO_T=''
LIBOBJS=''
LIBS=''
LTLIBOBJS=''
PACKAGE_BUGREPORT=''
PACKAGE_NAME=''
PACKAGE_STRING=''
PACKAGE_TARNAME=''
PACKAGE_URL=''
PACKAGE_VERSION=''
PATH_SEPARATOR=';'
SET_MAKE=''
SHELL='/bin/sh'
bindir='${exec_prefix}/bin'
build_alias=''
datadir='${datarootdir}'
datarootdir='${prefix}/share'
docdir='${datarootdir}/doc/${PACKAGE}'
dvidir='${docdir}'
exec_prefix='${prefix}'
host_alias=''
htmldir='${docdir}'
includedir='${prefix}/include'
infodir='${datarootdir}/info'
libdir='${exec_prefix}/lib'
libexecdir='${exec_prefix}/libexec'
localedir='${datarootdir}/locale'
localstatedir='${prefix}/var'
mandir='${datarootdir}/man'
oldincludedir='/usr/include'
pdfdir='${docdir}'
prefix='/usr'
program_transform_name='s,x,x,'
psdir='${docdir}'
sbindir='${exec_prefix}/sbin'
sharedstatedir='${prefix}/com'
subdirs=' lib src tests doc'
sysconfdir='${prefix}/etc'
target_alias=''

## ----------- ##
## confdefs.h. ##
## ----------- ##

/* confdefs.h */
#define PACKAGE_NAME ""
#define PACKAGE_TARNAME ""
#define PACKAGE_VERSION ""
#define PACKAGE_STRING ""
#define PACKAGE_BUGREPORT ""
#define PACKAGE_URL ""

configure: exit 0
