This file contains any messages produced by compilers while
running configure, to aid debugging if configure makes a mistake.

It was created by configure, which was
generated by GNU Autoconf 2.61.  Invocation command line was

  $ ./configure --disable-option-checking --prefix=/usr --cache-file=/dev/null --srcdir=.

## --------- ##
## Platform. ##
## --------- ##

hostname = 
uname -m = i386
uname -r = 1
uname -s = OS/2
uname -v = 2.45

/usr/bin/uname -p = i386
/bin/uname -X     = unknown

/bin/arch              = unknown
/usr/bin/arch -k       = unknown
/usr/convex/getsysinfo = unknown
/usr/bin/hostinfo      = unknown
/bin/machine           = unknown
/usr/bin/oslevel       = unknown
/bin/universe          = unknown

PATH: f:/lang/gcc/usr/i386-pc-os2-emx/bin
PATH: f:/lang/gcc/usr/bin
PATH: E:/MPTN/BIN
PATH: E:/IBMCOM
PATH: f:/usr/bin
PATH: f:/usr/sbin
PATH: f:/lang/os2tk45/som/common
PATH: f:/lang/os2tk45/som/bin
PATH: f:/lang/os2tk45/bin
PATH: E:/IBMGSK40/BIN
PATH: E:/IBMGSK/BIN
PATH: f:/NETSCAPE/PROGRAM
PATH: E:/IBMLAN/NETPROG
PATH: E:/MUGLIB
PATH: E:/OS2
PATH: E:/opendoc/BIN
PATH: E:/OS2/SYSTEM
PATH: E:/OS2/MDOS/WINHOS2
PATH: E:/OS2/INSTALL
PATH: E:/
PATH: E:/OS2/MDOS
PATH: E:/OS2/APPS
PATH: E:/JAVA11/BIN
PATH: E:/javaos2/bin
PATH: E:/MMOS2
PATH: E:/NSC
PATH: e:/tcpip/bin
PATH: e:/tcpip/pcomos2
PATH: E:/TCPIP/UMAIL
PATH: f:/lang/emx/bin
PATH: f:/apps
PATH: E:/IBM386FS
PATH: f:/lang/IBMCPP/BIN
PATH: f:/lang/IBMCPP/HELP
PATH: f:/lang/IBMCPP/SMARTS/SCRIPTS
PATH: F:/APPS/WARPIN
PATH: f:/lang/Perl/bin
PATH: g:/apps/VYPER


## ----------- ##
## Core tests. ##
## ----------- ##

configure:1565: loading cache /dev/null
configure:1650: checking whether make sets $(MAKE)
configure:1671: result: yes
configure:1728: checking for gcc
configure:1744: found f:/lang/gcc/usr/bin/gcc.exe
configure:1755: result: gcc
configure:1993: checking for C compiler version
configure:2000: gcc --version >&5
gcc (GCC) 3.3.5 (Bird Build 2007-06-10 14:30)
Copyright (C) 2003 Free Software Foundation, Inc.
This is free software; see the source for copying conditions.  There is NO
warranty; not even for MERCHANTABILITY or FITNESS FOR A PARTICULAR PURPOSE.

configure:2003: $? = 0
configure:2010: gcc -v >&5
Reading specs from F:/lang/gcc/usr/lib/gcc-lib/i386-pc-os2-emx/3.3.5/specs
Configured with: D:/CODING/LIBC/SVN/BRANCHES/LIBC-0.6/src/gcc/configure --enable-clh --enable-threads=os2 --enable-shared=libgcc,bfd,opcodes --enable-nls --without-included-gettext --with-local-prefix=D:/CODING/LIBC/SVN/BRANCHES/LIBC-0.6/TOOLS/x86.os2/gcc/staged --prefix=/gcc --with-gnu-as --disable-libgcj --enable-languages=c,c++
Thread model: os2
gcc version 3.3.5 (Bird Build 2007-06-10 14:30)
configure:2013: $? = 0
configure:2020: gcc -V >&5
gcc: `-V' must come at the start of the command line
configure:2023: $? = 1
configure:2046: checking for C compiler default output file name
configure:2073: gcc    conftest.c  >&5
configure:2076: $? = 0
configure:2114: result: conftest.exe
configure:2131: checking whether the C compiler works
configure:2141: ./conftest.exe
configure:2144: $? = 0
configure:2161: result: yes
configure:2168: checking whether we are cross compiling
configure:2170: result: no
configure:2173: checking for suffix of executables
configure:2180: gcc -o conftest.exe    conftest.c  >&5
configure:2183: $? = 0
configure:2207: result: .exe
configure:2213: checking for suffix of object files
configure:2239: gcc -c   conftest.c >&5
configure:2242: $? = 0
configure:2265: result: o
configure:2269: checking whether we are using the GNU C compiler
configure:2298: gcc -c   conftest.c >&5
configure:2304: $? = 0
configure:2321: result: yes
configure:2326: checking whether gcc accepts -g
configure:2356: gcc -c -g  conftest.c >&5
configure:2362: $? = 0
configure:2461: result: yes
configure:2478: checking for gcc option to accept ISO C89
configure:2552: gcc  -c -g -O2  conftest.c >&5
configure:2558: $? = 0
configure:2581: result: none needed
configure:2604: checking how to run the C preprocessor
configure:2644: gcc -E  conftest.c
configure:2650: $? = 0
configure:2681: gcc -E  conftest.c
conftest.c:8:28: ac_nonexistent.h: No such file or directory
configure:2687: $? = 1
configure: failed program was:
| /* confdefs.h.  */
| #define PACKAGE_NAME ""
| #define PACKAGE_TARNAME ""
| #define PACKAGE_VERSION ""
| #define PACKAGE_STRING ""
| #define PACKAGE_BUGREPORT ""
| /* end confdefs.h.  */
| #include <ac_nonexistent.h>
configure:2720: result: gcc -E
configure:2749: gcc -E  conftest.c
configure:2755: $? = 0
configure:2786: gcc -E  conftest.c
conftest.c:8:28: ac_nonexistent.h: No such file or directory
configure:2792: $? = 1
configure: failed program was:
| /* confdefs.h.  */
| #define PACKAGE_NAME ""
| #define PACKAGE_TARNAME ""
| #define PACKAGE_VERSION ""
| #define PACKAGE_STRING ""
| #define PACKAGE_BUGREPORT ""
| /* end confdefs.h.  */
| #include <ac_nonexistent.h>
configure:2887: checking for g++
configure:2903: found f:/lang/gcc/usr/bin/g++.exe
configure:2914: result: g++
configure:2945: checking for C++ compiler version
configure:2952: g++ --version >&5
g++ (GCC) 3.3.5 (Bird Build 2007-06-10 14:30)
Copyright (C) 2003 Free Software Foundation, Inc.
This is free software; see the source for copying conditions.  There is NO
warranty; not even for MERCHANTABILITY or FITNESS FOR A PARTICULAR PURPOSE.

configure:2955: $? = 0
configure:2962: g++ -v >&5
Reading specs from F:/lang/gcc/usr/lib/gcc-lib/i386-pc-os2-emx/3.3.5/specs
Configured with: D:/CODING/LIBC/SVN/BRANCHES/LIBC-0.6/src/gcc/configure --enable-clh --enable-threads=os2 --enable-shared=libgcc,bfd,opcodes --enable-nls --without-included-gettext --with-local-prefix=D:/CODING/LIBC/SVN/BRANCHES/LIBC-0.6/TOOLS/x86.os2/gcc/staged --prefix=/gcc --with-gnu-as --disable-libgcj --enable-languages=c,c++
Thread model: os2
gcc version 3.3.5 (Bird Build 2007-06-10 14:30)
g++: no input files, try "g++ --help"
configure:2965: $? = 1
configure:2972: g++ -V >&5
g++: argument to `-V' missing

configure:2975: $? = 1
configure:2978: checking whether we are using the GNU C++ compiler
configure:3007: g++ -c   conftest.cpp >&5
configure:3013: $? = 0
configure:3030: result: yes
configure:3035: checking whether g++ accepts -g
configure:3065: g++ -c -g  conftest.cpp >&5
configure:3071: $? = 0
configure:3170: result: yes
configure:3198: checking how to run the C++ preprocessor
configure:3234: g++ -E  conftest.cpp
configure:3240: $? = 0
configure:3271: g++ -E  conftest.cpp
conftest.cpp:8:28: ac_nonexistent.h: No such file or directory
configure:3277: $? = 1
configure: failed program was:
| /* confdefs.h.  */
| #define PACKAGE_NAME ""
| #define PACKAGE_TARNAME ""
| #define PACKAGE_VERSION ""
| #define PACKAGE_STRING ""
| #define PACKAGE_BUGREPORT ""
| /* end confdefs.h.  */
| #include <ac_nonexistent.h>
configure:3310: result: g++ -E
configure:3339: g++ -E  conftest.cpp
configure:3345: $? = 0
configure:3376: g++ -E  conftest.cpp
conftest.cpp:8:28: ac_nonexistent.h: No such file or directory
configure:3382: $? = 1
configure: failed program was:
| /* confdefs.h.  */
| #define PACKAGE_NAME ""
| #define PACKAGE_TARNAME ""
| #define PACKAGE_VERSION ""
| #define PACKAGE_STRING ""
| #define PACKAGE_BUGREPORT ""
| /* end confdefs.h.  */
| #include <ac_nonexistent.h>
configure:3462: checking for ranlib
configure:3478: found f:/lang/gcc/usr/i386-pc-os2-emx/bin/ranlib.exe
configure:3489: result: ranlib
configure:3525: checking for a BSD compatible install
configure:3567: result: cp
configure:3711: creating ./config.status

## ---------------------- ##
## Running config.status. ##
## ---------------------- ##

This file was extended by config.status, which was
generated by GNU Autoconf 2.61.  Invocation command line was

  CONFIG_FILES    = 
  CONFIG_HEADERS  = 
  CONFIG_LINKS    = 
  CONFIG_COMMANDS = 
  $ ./config.status 

on 

config.status:581: creating Makefile

## ---------------- ##
## Cache variables. ##
## ---------------- ##

ac_cv_c_compiler_gnu=yes
ac_cv_cxx_compiler_gnu=yes
ac_cv_env_CCC_set=
ac_cv_env_CCC_value=
ac_cv_env_CC_set=
ac_cv_env_CC_value=
ac_cv_env_CFLAGS_set=
ac_cv_env_CFLAGS_value=
ac_cv_env_CPPFLAGS_set=
ac_cv_env_CPPFLAGS_value=
ac_cv_env_CPP_set=
ac_cv_env_CPP_value=
ac_cv_env_CXXCPP_set=
ac_cv_env_CXXCPP_value=
ac_cv_env_CXXFLAGS_set=
ac_cv_env_CXXFLAGS_value=
ac_cv_env_CXX_set=
ac_cv_env_CXX_value=
ac_cv_env_LDFLAGS_set=
ac_cv_env_LDFLAGS_value=
ac_cv_env_LIBS_set=
ac_cv_env_LIBS_value=
ac_cv_env_build_alias_set=
ac_cv_env_build_alias_value=
ac_cv_env_host_alias_set=
ac_cv_env_host_alias_value=
ac_cv_env_target_alias_set=
ac_cv_env_target_alias_value=
ac_cv_exeext=.exe
ac_cv_objext=o
ac_cv_prog_CPP='gcc -E'
ac_cv_prog_CXXCPP='g++ -E'
ac_cv_prog_ac_ct_CC=gcc
ac_cv_prog_ac_ct_CXX=g++
ac_cv_prog_ac_ct_RANLIB=ranlib
ac_cv_prog_cc_c89=
ac_cv_prog_cc_g=yes
ac_cv_prog_cxx_g=yes
ac_cv_prog_make_make_set=yes
cl_cv_path_install=cp

## ----------------- ##
## Output variables. ##
## ----------------- ##

CC='gcc'
CFLAGS='-g -O2'
CPP='gcc -E'
CPPFLAGS=''
CXX='g++'
CXXCPP='g++ -E'
CXXFLAGS='-g -O2'
DEFS='-DPACKAGE_NAME=\"\" -DPACKAGE_TARNAME=\"\" -DPACKAGE_VERSION=\"\" -DPACKAGE_STRING=\"\" -DPACKAGE_BUGREPORT=\"\"'
ECHO_C=''
ECHO_N='-n'
ECHO_T=''
EXEEXT='.exe'
INSTALL='cp'
INSTALL_DATA='$(INSTALL)'
INSTALL_PROGRAM='$(INSTALL)'
LDFLAGS=''
LIBOBJS=''
LIBS=''
LTLIBOBJS=''
OBJEXT='o'
PACKAGE_BUGREPORT=''
PACKAGE_NAME=''
PACKAGE_STRING=''
PACKAGE_TARNAME=''
PACKAGE_VERSION=''
PATH_SEPARATOR=';'
RANLIB='ranlib'
SET_MAKE=''
SHELL='/bin/sh'
ac_ct_CC='gcc'
ac_ct_CXX='g++'
bindir='${exec_prefix}/bin'
build_alias=''
datadir='${datarootdir}'
datarootdir='${prefix}/share'
docdir='${datarootdir}/doc/${PACKAGE}'
dvidir='${docdir}'
exec_prefix='${prefix}'
host_alias=''
htmldir='${docdir}'
includedir='${prefix}/include'
infodir='${datarootdir}/info'
libdir='${exec_prefix}/lib'
libexecdir='${exec_prefix}/libexec'
localedir='${datarootdir}/locale'
localstatedir='${prefix}/var'
mandir='${datarootdir}/man'
oldincludedir='/usr/include'
pdfdir='${docdir}'
prefix='/usr'
program_transform_name='s,x,x,'
psdir='${docdir}'
sbindir='${exec_prefix}/sbin'
sharedstatedir='${prefix}/com'
sysconfdir='${prefix}/etc'
target_alias=''

## ----------- ##
## confdefs.h. ##
## ----------- ##

#define PACKAGE_NAME ""
#define PACKAGE_TARNAME ""
#define PACKAGE_VERSION ""
#define PACKAGE_STRING ""
#define PACKAGE_BUGREPORT ""

configure: exit 0
